  Using bundled DotNet SDK
  Log file: C:\Users\GenTl\AppData\Local\UnrealBuildTool\Log.txt
  Using 'git status' to determine working set for adaptive non-unity build (C:\Users\GenTl\OneDrive\Documents\GitHub\Prototype-Project).
  Parsing headers for PrototypeProjectEditor
    Running UnrealHeaderTool "C:\Users\GenTl\OneDrive\Documents\GitHub\Prototype-Project\PrototypeProject\PrototypeProject.uproject" "C:\Users\GenTl\OneDrive\Documents\GitHub\Prototype-Project\PrototypeProject\Intermediate\Build\Win64\PrototypeProjectEditor\Development\PrototypeProjectEditor.uhtmanifest" -LogCmds="loginit warning, logexit warning, logdatabase error" -Unattended -WarningsAsErrors -abslog="C:\Users\GenTl\AppData\Local\UnrealBuildTool\Log_UHT.txt" -installed
  Reflection code generated for PrototypeProjectEditor in 0.9198612 seconds
  Building PrototypeProjectEditor...
  Using Visual Studio 2019 14.29.30143 toolchain (C:\Program Files (x86)\Microsoft Visual Studio\2019\Community\VC\Tools\MSVC\14.29.30133) and Windows 10.0.22000.0 SDK (C:\Program Files (x86)\Windows Kits\10).
  Determining max actions to execute in parallel (8 physical cores, 16 logical cores)
    Executing up to 8 processes, one per physical core
  Building 6 actions with 6 processes...
  [1/6] Compile PrototypeProject.init.gen.cpp
  [2/6] Compile PlayerCharacterCameraManager.cpp
  [3/6] Compile PlayerCharacterCameraManager.gen.cpp
  [4/6] Link UnrealEditor-PrototypeProject.lib
     Creating library C:\Users\GenTl\OneDrive\Documents\GitHub\Prototype-Project\PrototypeProject\Intermediate\Build\Win64\UnrealEditor\Development\PrototypeProject\UnrealEditor-PrototypeProject.lib and object C:\Users\GenTl\OneDrive\Documents\GitHub\Prototype-Project\PrototypeProject\Intermediate\Build\Win64\UnrealEditor\Development\PrototypeProject\UnrealEditor-PrototypeProject.exp
  [5/6] Link UnrealEditor-PrototypeProject.dll
     Creating library C:\Users\GenTl\OneDrive\Documents\GitHub\Prototype-Project\PrototypeProject\Intermediate\Build\Win64\UnrealEditor\Development\PrototypeProject\UnrealEditor-PrototypeProject.suppressed.lib and object C:\Users\GenTl\OneDrive\Documents\GitHub\Prototype-Project\PrototypeProject\Intermediate\Build\Win64\UnrealEditor\Development\PrototypeProject\UnrealEditor-PrototypeProject.suppressed.exp
  [6/6] WriteMetadata PrototypeProjectEditor.target
  Total time in Parallel executor: 1.34 seconds
  Total execution time: 2.68 seconds
